<?xml version="1.0" encoding="UTF-8"?>
<!-- Generated by org.testng.reporters.JUnitReportReporter -->
<testsuite hostname="9NWBY93-METO" failures="0" tests="1" name="org.meto.AppiumFrameworkSurgir.android.TestBase" time="0.006" errors="0" timestamp="2023-01-26T14:57:47 PET" skipped="0">
  <testcase classname="org.meto.AppiumFrameworkSurgir.android.TestBase" name="appTest" time="0.006"/>
  <system-out/>
</testsuite> <!-- org.meto.AppiumFrameworkSurgir.android.TestBase -->
